<?xml version="1.0" encoding="UTF-8"?>
<testng-results ignored="0" total="1" passed="1" failed="0" skipped="0">
  <reporter-output>
  </reporter-output>
  <suite started-at="2021-05-28T22:33:47 IST" name="Default suite" finished-at="2021-05-28T22:33:48 IST" duration-ms="1130">
    <groups>
    </groups>
    <test started-at="2021-05-28T22:33:47 IST" name="Default test" finished-at="2021-05-28T22:33:48 IST" duration-ms="1130">
      <class name="Dictionary.Dictionary.EnglishWords">
        <test-method signature="EnglishWords()[pri:0, instance:Dictionary.Dictionary.EnglishWords@762ef0ea]" started-at="2021-05-28T22:33:47 IST" name="EnglishWords" finished-at="2021-05-28T22:33:48 IST" duration-ms="1107" status="PASS">
          <reporter-output>
          </reporter-output>
        </test-method> <!-- EnglishWords -->
      </class> <!-- Dictionary.Dictionary.EnglishWords -->
    </test> <!-- Default test -->
  </suite> <!-- Default suite -->
</testng-results>
